<?xml version="1.0" encoding="UTF-8"?>
<!-- Generated by org.testng.reporters.JUnitXMLReporter -->
<testsuite ignored="0" hostname="DESKTOP-GFDUP9Q" failures="0" tests="7" name="Surefire test" time="10.094" errors="0" timestamp="2026-07-10T17:09:20 BRT">
  <testcase classname="com.sabrina.api.tests.BookingTest" name="shouldReturnListOfBookings" time="1.289"/>
  <testcase classname="com.sabrina.api.tests.BookingTest" name="shouldCreateBooking" time="1.12"/>
  <testcase classname="com.sabrina.api.tests.BookingTest" name="shouldGetBookingById" time="0.747"/>
  <testcase classname="com.sabrina.api.tests.BookingTest" name="shouldUpdateBooking" time="0.731"/>
  <testcase classname="com.sabrina.api.tests.BookingTest" name="shouldPartiallyUpdateBooking" time="0.716"/>
  <testcase classname="com.sabrina.api.tests.BookingTest" name="shouldDeleteBooking" time="0.714"/>
  <testcase classname="com.sabrina.api.tests.BookingTest" name="shouldReturn404ForInvalidBookingId" time="0.712"/>
</testsuite> <!-- Surefire test -->
