<?xml version="1.0" encoding="UTF-8"?>
<testsuite xmlns:xsi="http://www.w3.org/2001/XMLSchema-instance" xsi:noNamespaceSchemaLocation="https://maven.apache.org/surefire/maven-surefire-plugin/xsd/surefire-test-report-3.0.xsd" version="3.0" name="TestSuite" time="10.726" tests="7" errors="0" skipped="0" failures="0">
  <properties>
[...]
</properties>
  <testcase name="shouldReturnListOfBookings" classname="com.sabrina.api.tests.BookingTest" time="1.289">
    <system-err><![CDATA[SLF4J: Failed to load class "org.slf4j.impl.StaticLoggerBinder".
SLF4J: Defaulting to no-operation (NOP) logger implementation
SLF4J: See http://www.slf4j.org/codes.html#StaticLoggerBinder for further details.
]]></system-err>
  </testcase>
  <testcase name="shouldCreateBooking" classname="com.sabrina.api.tests.BookingTest" time="1.118"/>
  <testcase name="shouldGetBookingById" classname="com.sabrina.api.tests.BookingTest" time="0.747"/>
  <testcase name="shouldUpdateBooking" classname="com.sabrina.api.tests.BookingTest" time="0.731"/>
  <testcase name="shouldPartiallyUpdateBooking" classname="com.sabrina.api.tests.BookingTest" time="0.717"/>
  <testcase name="shouldDeleteBooking" classname="com.sabrina.api.tests.BookingTest" time="0.716"/>
  <testcase name="shouldReturn404ForInvalidBookingId" classname="com.sabrina.api.tests.BookingTest" time="0.711"/>
</testsuite>