<?xml version="1.0" encoding="UTF-8"?>
<testng-results ignored="0" total="7" passed="7" failed="0" skipped="0">
  <reporter-output>
  </reporter-output>
  <suite started-at="2026-07-10T17:09:10 BRT" name="Surefire suite" finished-at="2026-07-10T17:09:20 BRT" duration-ms="10094">
    <groups>
    </groups>
    <test started-at="2026-07-10T17:09:10 BRT" name="Surefire test" finished-at="2026-07-10T17:09:20 BRT" duration-ms="10094">
      <class name="com.sabrina.api.tests.BookingTest">
        <test-method is-config="true" signature="setup()[pri:0, instance:com.sabrina.api.tests.BookingTest@229d10bd]" started-at="2026-07-10T17:09:10 BRT" name="setup" finished-at="2026-07-10T17:09:10 BRT" duration-ms="483" status="PASS">
          <reporter-output>
          </reporter-output>
        </test-method> <!-- setup -->
        <test-method is-config="true" signature="getToken()[pri:0, instance:com.sabrina.api.tests.BookingTest@229d10bd]" started-at="2026-07-10T17:09:10 BRT" name="getToken" finished-at="2026-07-10T17:09:14 BRT" duration-ms="3510" status="PASS">
          <reporter-output>
          </reporter-output>
        </test-method> <!-- getToken -->
        <test-method signature="shouldReturnListOfBookings()[pri:1, instance:com.sabrina.api.tests.BookingTest@229d10bd]" started-at="2026-07-10T17:09:14 BRT" name="shouldReturnListOfBookings" finished-at="2026-07-10T17:09:15 BRT" duration-ms="1289" status="PASS">
          <reporter-output>
          </reporter-output>
        </test-method> <!-- shouldReturnListOfBookings -->
        <test-method signature="shouldCreateBooking()[pri:2, instance:com.sabrina.api.tests.BookingTest@229d10bd]" started-at="2026-07-10T17:09:15 BRT" name="shouldCreateBooking" finished-at="2026-07-10T17:09:16 BRT" duration-ms="1120" status="PASS">
          <reporter-output>
          </reporter-output>
        </test-method> <!-- shouldCreateBooking -->
        <test-method signature="shouldGetBookingById()[pri:3, instance:com.sabrina.api.tests.BookingTest@229d10bd]" started-at="2026-07-10T17:09:16 BRT" name="shouldGetBookingById" finished-at="2026-07-10T17:09:17 BRT" depends-on-methods="com.sabrina.api.tests.BookingTest.shouldCreateBooking" duration-ms="747" status="PASS">
          <reporter-output>
          </reporter-output>
        </test-method> <!-- shouldGetBookingById -->
        <test-method signature="shouldUpdateBooking()[pri:4, instance:com.sabrina.api.tests.BookingTest@229d10bd]" started-at="2026-07-10T17:09:17 BRT" name="shouldUpdateBooking" finished-at="2026-07-10T17:09:18 BRT" depends-on-methods="com.sabrina.api.tests.BookingTest.shouldCreateBooking" duration-ms="731" status="PASS">
          <reporter-output>
          </reporter-output>
        </test-method> <!-- shouldUpdateBooking -->
        <test-method signature="shouldPartiallyUpdateBooking()[pri:5, instance:com.sabrina.api.tests.BookingTest@229d10bd]" started-at="2026-07-10T17:09:18 BRT" name="shouldPartiallyUpdateBooking" finished-at="2026-07-10T17:09:18 BRT" depends-on-methods="com.sabrina.api.tests.BookingTest.shouldCreateBooking" duration-ms="716" status="PASS">
          <reporter-output>
          </reporter-output>
        </test-method> <!-- shouldPartiallyUpdateBooking -->
        <test-method signature="shouldDeleteBooking()[pri:6, instance:com.sabrina.api.tests.BookingTest@229d10bd]" started-at="2026-07-10T17:09:18 BRT" name="shouldDeleteBooking" finished-at="2026-07-10T17:09:19 BRT" depends-on-methods="com.sabrina.api.tests.BookingTest.shouldCreateBooking" duration-ms="714" status="PASS">
          <reporter-output>
          </reporter-output>
        </test-method> <!-- shouldDeleteBooking -->
        <test-method signature="shouldReturn404ForInvalidBookingId()[pri:7, instance:com.sabrina.api.tests.BookingTest@229d10bd]" started-at="2026-07-10T17:09:19 BRT" name="shouldReturn404ForInvalidBookingId" finished-at="2026-07-10T17:09:20 BRT" duration-ms="712" status="PASS">
          <reporter-output>
          </reporter-output>
        </test-method> <!-- shouldReturn404ForInvalidBookingId -->
      </class> <!-- com.sabrina.api.tests.BookingTest -->
    </test> <!-- Surefire test -->
  </suite> <!-- Surefire suite -->
</testng-results>
