<?xml version="1.0" encoding="UTF-8"?>
<!-- Generated by org.testng.reporters.JUnitReportReporter -->
<testsuite hostname="DESKTOP-GFDUP9Q" failures="0" tests="7" name="com.sabrina.api.tests.BookingTest" time="6.029" errors="0" timestamp="2026-07-10T17:09:20 BRT" skipped="0">
  <testcase classname="com.sabrina.api.tests.BookingTest" name="shouldReturnListOfBookings" time="1.289"/>
  <testcase classname="com.sabrina.api.tests.BookingTest" name="shouldCreateBooking" time="1.120"/>
  <testcase classname="com.sabrina.api.tests.BookingTest" name="shouldGetBookingById" time="0.747"/>
  <testcase classname="com.sabrina.api.tests.BookingTest" name="shouldUpdateBooking" time="0.731"/>
  <testcase classname="com.sabrina.api.tests.BookingTest" name="shouldPartiallyUpdateBooking" time="0.716"/>
  <testcase classname="com.sabrina.api.tests.BookingTest" name="shouldDeleteBooking" time="0.714"/>
  <testcase classname="com.sabrina.api.tests.BookingTest" name="shouldReturn404ForInvalidBookingId" time="0.712"/>
</testsuite> <!-- com.sabrina.api.tests.BookingTest -->
